[
  {
    "line": 3,
    "elements": [
      {
        "start_timestamp": "2020-10-07T16:18:36.889Z",
        "before": [
          {
            "result": {
              "duration": 6105000000,
              "status": "passed"
            },
            "match": {
              "location": "steps.Hooks.start()"
            }
          }
        ],
        "line": 14,
        "name": "Check login is successful with valid credentials",
        "description": "",
        "id": "test-login-functionality;check-login-is-successful-with-valid-credentials;;2",
        "after": [
          {
            "result": {
              "duration": 592000000,
              "status": "passed"
            },
            "match": {
              "location": "steps.Hooks.quit()"
            }
          }
        ],
        "type": "scenario",
        "keyword": "Scenario Outline",
        "steps": [
          {
            "result": {
              "duration": 2000000,
              "status": "passed"
            },
            "line": 6,
            "name": "browser is open",
            "match": {
              "location": "steps.LoginDemoStepsPOM.browser_is_open()"
            },
            "keyword": "Given "
          },
          {
            "result": {
              "status": "passed"
            },
            "line": 7,
            "name": "user is on login page",
            "match": {
              "location": "steps.LoginDemoStepsPOM.user_is_on_login_page()"
            },
            "keyword": "And "
          },
          {
            "result": {
              "duration": 2206000000,
              "status": "passed"
            },
            "line": 8,
            "name": "user enters Gareni and 12345",
            "match": {
              "arguments": [
                {
                  "val": "Gareni",
                  "offset": 12
                },
                {
                  "val": "12345",
                  "offset": 23
                }
              ],
              "location": "steps.LoginDemoStepsPOM.user_enters_username_and_password(java.lang.String,java.lang.String)"
            },
            "keyword": "When "
          },
          {
            "result": {
              "duration": 72000000,
              "status": "passed"
            },
            "line": 9,
            "name": "user clicks on login",
            "match": {
              "location": "steps.LoginDemoStepsPOM.user_clicks_on_login()"
            },
            "keyword": "And "
          },
          {
            "result": {
              "duration": 2086000000,
              "status": "passed"
            },
            "line": 10,
            "name": "user is navigated to the home page",
            "match": {
              "location": "steps.LoginDemoStepsPOM.user_is_navigated_to_the_home_page()"
            },
            "keyword": "Then "
          }
        ],
        "tags": [
          {
            "name": "@Regression"
          }
        ]
      },
      {
        "start_timestamp": "2020-10-07T16:18:48.015Z",
        "before": [
          {
            "result": {
              "error_message": "org.openqa.selenium.remote.UnreachableBrowserException: Could not start a new session. Possible causes are invalid address of the remote server or browser start-up failure.\nBuild info: version: \u00274.0.0-alpha-6\u0027, revision: \u00275f43a29cfc\u0027\nSystem info: host: \u0027ASUSLAPTOP\u0027, ip: \u0027192.168.0.193\u0027, os.name: \u0027Windows 10\u0027, os.arch: \u0027amd64\u0027, os.version: \u002710.0\u0027, java.version: \u00271.8.0_261\u0027\nDriver info: driver.version: ChromeDriver\r\n\tat org.openqa.selenium.remote.RemoteWebDriver.execute(RemoteWebDriver.java:603)\r\n\tat org.openqa.selenium.remote.RemoteWebDriver.startSession(RemoteWebDriver.java:216)\r\n\tat org.openqa.selenium.remote.RemoteWebDriver.\u003cinit\u003e(RemoteWebDriver.java:136)\r\n\tat org.openqa.selenium.chromium.ChromiumDriver.\u003cinit\u003e(ChromiumDriver.java:75)\r\n\tat org.openqa.selenium.chrome.ChromeDriver.\u003cinit\u003e(ChromeDriver.java:163)\r\n\tat org.openqa.selenium.chrome.ChromeDriver.\u003cinit\u003e(ChromeDriver.java:150)\r\n\tat org.openqa.selenium.chrome.ChromeDriver.\u003cinit\u003e(ChromeDriver.java:139)\r\n\tat utils.Base.setup(Base.java:32)\r\n\tat steps.Hooks.start(Hooks.java:11)\r\nCaused by: java.lang.RuntimeException: NettyHttpHandler request execution error\r\n\tat org.openqa.selenium.remote.http.netty.NettyHttpHandler.makeCall(NettyHttpHandler.java:72)\r\n\tat org.openqa.selenium.remote.http.AddSeleniumUserAgent.lambda$apply$0(AddSeleniumUserAgent.java:42)\r\n\tat org.openqa.selenium.remote.http.Filter.lambda$andFinally$1(Filter.java:56)\r\n\tat org.openqa.selenium.remote.http.netty.NettyHttpHandler.execute(NettyHttpHandler.java:47)\r\n\tat org.openqa.selenium.remote.http.AddSeleniumUserAgent.lambda$apply$0(AddSeleniumUserAgent.java:42)\r\n\tat org.openqa.selenium.remote.http.Filter.lambda$andFinally$1(Filter.java:56)\r\n\tat org.openqa.selenium.remote.http.netty.NettyClient.execute(NettyClient.java:55)\r\n\tat org.openqa.selenium.remote.ProtocolHandshake.createSession(ProtocolHandshake.java:105)\r\n\tat org.openqa.selenium.remote.ProtocolHandshake.createSession(ProtocolHandshake.java:75)\r\n\tat org.openqa.selenium.remote.HttpCommandExecutor.execute(HttpCommandExecutor.java:138)\r\n\tat org.openqa.selenium.remote.service.DriverCommandExecutor.execute(DriverCommandExecutor.java:83)\r\n\tat org.openqa.selenium.remote.RemoteWebDriver.execute(RemoteWebDriver.java:582)\r\n\tat org.openqa.selenium.remote.RemoteWebDriver.startSession(RemoteWebDriver.java:216)\r\n\tat org.openqa.selenium.remote.RemoteWebDriver.\u003cinit\u003e(RemoteWebDriver.java:136)\r\n\tat org.openqa.selenium.chromium.ChromiumDriver.\u003cinit\u003e(ChromiumDriver.java:75)\r\n\tat org.openqa.selenium.chrome.ChromeDriver.\u003cinit\u003e(ChromeDriver.java:163)\r\n\tat org.openqa.selenium.chrome.ChromeDriver.\u003cinit\u003e(ChromeDriver.java:150)\r\n\tat org.openqa.selenium.chrome.ChromeDriver.\u003cinit\u003e(ChromeDriver.java:139)\r\n\tat utils.Base.setup(Base.java:32)\r\n\tat steps.Hooks.start(Hooks.java:11)\r\n\tat sun.reflect.NativeMethodAccessorImpl.invoke0(Native Method)\r\n\tat sun.reflect.NativeMethodAccessorImpl.invoke(Unknown Source)\r\n\tat sun.reflect.DelegatingMethodAccessorImpl.invoke(Unknown Source)\r\n\tat java.lang.reflect.Method.invoke(Unknown Source)\r\n\tat io.cucumber.java.Invoker.invoke(Invoker.java:27)\r\n\tat io.cucumber.java.JavaHookDefinition.execute(JavaHookDefinition.java:61)\r\n\tat io.cucumber.core.runner.CoreHookDefinition.execute(CoreHookDefinition.java:31)\r\n\tat io.cucumber.core.runner.HookDefinitionMatch.runStep(HookDefinitionMatch.java:20)\r\n\tat io.cucumber.core.runner.TestStep.executeStep(TestStep.java:64)\r\n\tat io.cucumber.core.runner.TestStep.run(TestStep.java:49)\r\n\tat io.cucumber.core.runner.TestCase.run(TestCase.java:47)\r\n\tat io.cucumber.core.runner.Runner.runPickle(Runner.java:67)\r\n\tat io.cucumber.junit.PickleRunners$NoStepDescriptions.run(PickleRunners.java:149)\r\n\tat io.cucumber.junit.FeatureRunner.runChild(FeatureRunner.java:83)\r\n\tat io.cucumber.junit.FeatureRunner.runChild(FeatureRunner.java:24)\r\n\tat org.junit.runners.ParentRunner$4.run(ParentRunner.java:331)\r\n\tat org.junit.runners.ParentRunner$1.schedule(ParentRunner.java:79)\r\n\tat org.junit.runners.ParentRunner.runChildren(ParentRunner.java:329)\r\n\tat org.junit.runners.ParentRunner.access$100(ParentRunner.java:66)\r\n\tat org.junit.runners.ParentRunner$2.evaluate(ParentRunner.java:293)\r\n\tat org.junit.runners.ParentRunner$3.evaluate(ParentRunner.java:306)\r\n\tat org.junit.runners.ParentRunner.run(ParentRunner.java:413)\r\n\tat io.cucumber.junit.Cucumber.runChild(Cucumber.java:185)\r\n\tat io.cucumber.junit.Cucumber.runChild(Cucumber.java:83)\r\n\tat org.junit.runners.ParentRunner$4.run(ParentRunner.java:331)\r\n\tat org.junit.runners.ParentRunner$1.schedule(ParentRunner.java:79)\r\n\tat org.junit.runners.ParentRunner.runChildren(ParentRunner.java:329)\r\n\tat org.junit.runners.ParentRunner.access$100(ParentRunner.java:66)\r\n\tat org.junit.runners.ParentRunner$2.evaluate(ParentRunner.java:293)\r\n\tat io.cucumber.junit.Cucumber$RunCucumber.evaluate(Cucumber.java:219)\r\n\tat org.junit.runners.ParentRunner$3.evaluate(ParentRunner.java:306)\r\n\tat org.junit.runners.ParentRunner.run(ParentRunner.java:413)\r\n\tat org.eclipse.jdt.internal.junit4.runner.JUnit4TestReference.run(JUnit4TestReference.java:89)\r\n\tat org.eclipse.jdt.internal.junit.runner.TestExecution.run(TestExecution.java:41)\r\n\tat org.eclipse.jdt.internal.junit.runner.RemoteTestRunner.runTests(RemoteTestRunner.java:542)\r\n\tat org.eclipse.jdt.internal.junit.runner.RemoteTestRunner.runTests(RemoteTestRunner.java:770)\r\n\tat org.eclipse.jdt.internal.junit.runner.RemoteTestRunner.run(RemoteTestRunner.java:464)\r\n\tat org.eclipse.jdt.internal.junit.runner.RemoteTestRunner.main(RemoteTestRunner.java:210)\r\nCaused by: java.util.concurrent.ExecutionException: java.util.concurrent.TimeoutException: Request timeout to localhost/127.0.0.1:10773 after 60000 ms\r\n\tat java.util.concurrent.CompletableFuture.reportGet(Unknown Source)\r\n\tat java.util.concurrent.CompletableFuture.get(Unknown Source)\r\n\tat org.asynchttpclient.netty.NettyResponseFuture.get(NettyResponseFuture.java:201)\r\n\tat org.openqa.selenium.remote.http.netty.NettyHttpHandler.makeCall(NettyHttpHandler.java:57)\r\n\t... 57 more\r\nCaused by: java.util.concurrent.TimeoutException: Request timeout to localhost/127.0.0.1:10773 after 60000 ms\r\n\tat org.asynchttpclient.netty.timeout.TimeoutTimerTask.expire(TimeoutTimerTask.java:43)\r\n\tat org.asynchttpclient.netty.timeout.RequestTimeoutTimerTask.run(RequestTimeoutTimerTask.java:50)\r\n\tat io.netty.util.HashedWheelTimer$HashedWheelTimeout.expire(HashedWheelTimer.java:672)\r\n\tat io.netty.util.HashedWheelTimer$HashedWheelBucket.expireTimeouts(HashedWheelTimer.java:747)\r\n\tat io.netty.util.HashedWheelTimer$Worker.run(HashedWheelTimer.java:472)\r\n\tat io.netty.util.concurrent.FastThreadLocalRunnable.run(FastThreadLocalRunnable.java:30)\r\n\tat java.lang.Thread.run(Unknown Source)\r\n",
              "duration": 60638000000,
              "status": "failed"
            },
            "match": {
              "location": "steps.Hooks.start()"
            }
          }
        ],
        "line": 15,
        "name": "Check login is successful with valid credentials",
        "description": "",
        "id": "test-login-functionality;check-login-is-successful-with-valid-credentials;;3",
        "after": [
          {
            "result": {
              "duration": 1000000,
              "status": "passed"
            },
            "match": {
              "location": "steps.Hooks.quit()"
            }
          }
        ],
        "type": "scenario",
        "keyword": "Scenario Outline",
        "steps": [
          {
            "result": {
              "duration": 1000000,
              "status": "skipped"
            },
            "line": 6,
            "name": "browser is open",
            "match": {
              "location": "steps.LoginDemoStepsPOM.browser_is_open()"
            },
            "keyword": "Given "
          },
          {
            "result": {
              "duration": 1000000,
              "status": "skipped"
            },
            "line": 7,
            "name": "user is on login page",
            "match": {
              "location": "steps.LoginDemoStepsPOM.user_is_on_login_page()"
            },
            "keyword": "And "
          },
          {
            "result": {
              "duration": 1000000,
              "status": "skipped"
            },
            "line": 8,
            "name": "user enters Toshi and 12345",
            "match": {
              "arguments": [
                {
                  "val": "Toshi",
                  "offset": 12
                },
                {
                  "val": "12345",
                  "offset": 22
                }
              ],
              "location": "steps.LoginDemoStepsPOM.user_enters_username_and_password(java.lang.String,java.lang.String)"
            },
            "keyword": "When "
          },
          {
            "result": {
              "status": "skipped"
            },
            "line": 9,
            "name": "user clicks on login",
            "match": {
              "location": "steps.LoginDemoStepsPOM.user_clicks_on_login()"
            },
            "keyword": "And "
          },
          {
            "result": {
              "status": "skipped"
            },
            "line": 10,
            "name": "user is navigated to the home page",
            "match": {
              "location": "steps.LoginDemoStepsPOM.user_is_navigated_to_the_home_page()"
            },
            "keyword": "Then "
          }
        ],
        "tags": [
          {
            "name": "@Regression"
          }
        ]
      }
    ],
    "name": "Test login functionality",
    "description": "",
    "id": "test-login-functionality",
    "keyword": "Feature",
    "uri": "file:src/test/resources/Features/LoginDemo.feature",
    "tags": [
      {
        "name": "@Regression",
        "type": "Tag",
        "location": {
          "line": 2,
          "column": 1
        }
      }
    ]
  },
  {
    "line": 3,
    "elements": [
      {
        "start_timestamp": "2020-10-07T16:19:48.688Z",
        "before": [
          {
            "result": {
              "duration": 4918000000,
              "status": "passed"
            },
            "match": {
              "location": "steps.Hooks.start()"
            }
          }
        ],
        "line": 6,
        "name": "Check login is successful with valid credentials",
        "description": "",
        "id": "feature-to-test-login-functionality;check-login-is-successful-with-valid-credentials",
        "after": [
          {
            "result": {
              "duration": 596000000,
              "status": "passed"
            },
            "match": {
              "location": "steps.Hooks.quit()"
            }
          }
        ],
        "type": "scenario",
        "keyword": "Scenario",
        "steps": [
          {
            "result": {
              "status": "passed"
            },
            "line": 7,
            "name": "user is on login page",
            "match": {
              "location": "steps.LoginDemoStepsPOM.user_is_on_login_page()"
            },
            "keyword": "Given "
          },
          {
            "result": {
              "duration": 2199000000,
              "status": "passed"
            },
            "line": 8,
            "name": "user enters \u003cusername\u003e and \u003cpassword\u003e",
            "match": {
              "arguments": [
                {
                  "val": "\u003cusername\u003e",
                  "offset": 12
                },
                {
                  "val": "\u003cpassword\u003e",
                  "offset": 27
                }
              ],
              "location": "steps.LoginDemoStepsPOM.user_enters_username_and_password(java.lang.String,java.lang.String)"
            },
            "keyword": "When "
          },
          {
            "result": {
              "duration": 71000000,
              "status": "passed"
            },
            "line": 9,
            "name": "user clicks on login",
            "match": {
              "location": "steps.LoginDemoStepsPOM.user_clicks_on_login()"
            },
            "keyword": "And "
          },
          {
            "result": {
              "duration": 2083000000,
              "status": "passed"
            },
            "line": 10,
            "name": "user is navigated to the home page",
            "match": {
              "location": "steps.LoginDemoStepsPOM.user_is_navigated_to_the_home_page()"
            },
            "keyword": "Then "
          }
        ],
        "tags": [
          {
            "name": "@Regression"
          },
          {
            "name": "@Smoke"
          }
        ]
      }
    ],
    "name": "feature to test login functionality",
    "description": "",
    "id": "feature-to-test-login-functionality",
    "keyword": "Feature",
    "uri": "file:src/test/resources/Features/login.feature",
    "tags": [
      {
        "name": "@Regression",
        "type": "Tag",
        "location": {
          "line": 2,
          "column": 1
        }
      }
    ]
  }
]